This is pdfTeX, Version 3.141592653-2.6-1.40.25 (MiKTeX 23.4) (preloaded format=pdflatex 2023.7.15)  15 FEB 2025 03:22
entering extended mode
 restricted \write18 enabled.
 %&-line parsing enabled.
**"./informe (2).tex"
(informe (2).tex
LaTeX2e <2022-11-01> patch level 1
L3 programming layer <2023-03-30>
(C:\Users\53567\AppData\Local\Programs\MiKTeX\tex/latex/base\article.cls
Document Class: article 2022/07/02 v1.4n Standard LaTeX document class
(C:\Users\53567\AppData\Local\Programs\MiKTeX\tex/latex/base\size10.clo
File: size10.clo 2022/07/02 v1.4n Standard LaTeX file (size option)
)
\c@part=\count185
\c@section=\count186
\c@subsection=\count187
\c@subsubsection=\count188
\c@paragraph=\count189
\c@subparagraph=\count190
\c@figure=\count191
\c@table=\count192
\abovecaptionskip=\skip48
\belowcaptionskip=\skip49
\bibindent=\dimen140
)
(C:\Users\53567\AppData\Local\Programs\MiKTeX\tex/latex/base\inputenc.sty
Package: inputenc 2021/02/14 v1.3d Input encoding file
\inpenc@prehook=\toks16
\inpenc@posthook=\toks17
)
(C:\Users\53567\AppData\Local\Programs\MiKTeX\tex/latex/graphics\graphicx.sty
Package: graphicx 2021/09/16 v1.2d Enhanced LaTeX Graphics (DPC,SPQR)

(C:\Users\53567\AppData\Local\Programs\MiKTeX\tex/latex/graphics\keyval.sty
Package: keyval 2022/05/29 v1.15 key=value parser (DPC)
\KV@toks@=\toks18
)
(C:\Users\53567\AppData\Local\Programs\MiKTeX\tex/latex/graphics\graphics.sty
Package: graphics 2022/03/10 v1.4e Standard LaTeX Graphics (DPC,SPQR)

(C:\Users\53567\AppData\Local\Programs\MiKTeX\tex/latex/graphics\trig.sty
Package: trig 2021/08/11 v1.11 sin cos tan (DPC)
)
(C:\Users\53567\AppData\Local\Programs\MiKTeX\tex/latex/graphics-cfg\graphics.c
fg
File: graphics.cfg 2016/06/04 v1.11 sample graphics configuration
)
Package graphics Info: Driver file: pdftex.def on input line 107.

(C:\Users\53567\AppData\Local\Programs\MiKTeX\tex/latex/graphics-def\pdftex.def
File: pdftex.def 2022/09/22 v1.2b Graphics/color driver for pdftex
))
\Gin@req@height=\dimen141
\Gin@req@width=\dimen142
) (C:\Users\53567\AppData\Local\Programs\MiKTeX\tex/latex/amsmath\amsmath.sty
Package: amsmath 2022/04/08 v2.17n AMS math features
\@mathmargin=\skip50
For additional information on amsmath, use the `?' option.
(C:\Users\53567\AppData\Local\Programs\MiKTeX\tex/latex/amsmath\amstext.sty
Package: amstext 2021/08/26 v2.01 AMS text

(C:\Users\53567\AppData\Local\Programs\MiKTeX\tex/latex/amsmath\amsgen.sty
File: amsgen.sty 1999/11/30 v2.0 generic functions
\@emptytoks=\toks19
\ex@=\dimen143
))
(C:\Users\53567\AppData\Local\Programs\MiKTeX\tex/latex/amsmath\amsbsy.sty
Package: amsbsy 1999/11/29 v1.2d Bold Symbols
\pmbraise@=\dimen144
)
(C:\Users\53567\AppData\Local\Programs\MiKTeX\tex/latex/amsmath\amsopn.sty
Package: amsopn 2022/04/08 v2.04 operator names
)
\inf@bad=\count193
LaTeX Info: Redefining \frac on input line 234.
\uproot@=\count194
\leftroot@=\count195
LaTeX Info: Redefining \overline on input line 399.
LaTeX Info: Redefining \colon on input line 410.
\classnum@=\count196
\DOTSCASE@=\count197
LaTeX Info: Redefining \ldots on input line 496.
LaTeX Info: Redefining \dots on input line 499.
LaTeX Info: Redefining \cdots on input line 620.
\Mathstrutbox@=\box51
\strutbox@=\box52
LaTeX Info: Redefining \big on input line 722.
LaTeX Info: Redefining \Big on input line 723.
LaTeX Info: Redefining \bigg on input line 724.
LaTeX Info: Redefining \Bigg on input line 725.
\big@size=\dimen145
LaTeX Font Info:    Redeclaring font encoding OML on input line 743.
LaTeX Font Info:    Redeclaring font encoding OMS on input line 744.
\macc@depth=\count198
LaTeX Info: Redefining \bmod on input line 905.
LaTeX Info: Redefining \pmod on input line 910.
LaTeX Info: Redefining \smash on input line 940.
LaTeX Info: Redefining \relbar on input line 970.
LaTeX Info: Redefining \Relbar on input line 971.
\c@MaxMatrixCols=\count199
\dotsspace@=\muskip16
\c@parentequation=\count266
\dspbrk@lvl=\count267
\tag@help=\toks20
\row@=\count268
\column@=\count269
\maxfields@=\count270
\andhelp@=\toks21
\eqnshift@=\dimen146
\alignsep@=\dimen147
\tagshift@=\dimen148
\tagwidth@=\dimen149
\totwidth@=\dimen150
\lineht@=\dimen151
\@envbody=\toks22
\multlinegap=\skip51
\multlinetaggap=\skip52
\mathdisplay@stack=\toks23
LaTeX Info: Redefining \[ on input line 2953.
LaTeX Info: Redefining \] on input line 2954.
)
(C:\Users\53567\AppData\Local\Programs\MiKTeX\tex/latex/hyperref\hyperref.sty
Package: hyperref 2023-02-07 v7.00v Hypertext links for LaTeX

(C:\Users\53567\AppData\Local\Programs\MiKTeX\tex/generic/ltxcmds\ltxcmds.sty
Package: ltxcmds 2020-05-10 v1.25 LaTeX kernel commands for general use (HO)
)
(C:\Users\53567\AppData\Local\Programs\MiKTeX\tex/generic/iftex\iftex.sty
Package: iftex 2022/02/03 v1.0f TeX engine tests
)
(C:\Users\53567\AppData\Local\Programs\MiKTeX\tex/generic/pdftexcmds\pdftexcmds
.sty
Package: pdftexcmds 2020-06-27 v0.33 Utility functions of pdfTeX for LuaTeX (HO
)

(C:\Users\53567\AppData\Local\Programs\MiKTeX\tex/generic/infwarerr\infwarerr.s
ty
Package: infwarerr 2019/12/03 v1.5 Providing info/warning/error messages (HO)
)
Package pdftexcmds Info: \pdf@primitive is available.
Package pdftexcmds Info: \pdf@ifprimitive is available.
Package pdftexcmds Info: \pdfdraftmode found.
)
(C:\Users\53567\AppData\Local\Programs\MiKTeX\tex/latex/kvsetkeys\kvsetkeys.sty
Package: kvsetkeys 2022-10-05 v1.19 Key value parser (HO)
)
(C:\Users\53567\AppData\Local\Programs\MiKTeX\tex/generic/kvdefinekeys\kvdefine
keys.sty
Package: kvdefinekeys 2019-12-19 v1.6 Define keys (HO)
)
(C:\Users\53567\AppData\Local\Programs\MiKTeX\tex/generic/pdfescape\pdfescape.s
ty
Package: pdfescape 2019/12/09 v1.15 Implements pdfTeX's escape features (HO)
) (C:\Users\53567\AppData\Local\Programs\MiKTeX\tex/latex/hycolor\hycolor.sty
Package: hycolor 2020-01-27 v1.10 Color options for hyperref/bookmark (HO)
)
(C:\Users\53567\AppData\Local\Programs\MiKTeX\tex/latex/letltxmacro\letltxmacro
.sty
Package: letltxmacro 2019/12/03 v1.6 Let assignment for LaTeX macros (HO)
)
(C:\Users\53567\AppData\Local\Programs\MiKTeX\tex/latex/auxhook\auxhook.sty
Package: auxhook 2019-12-17 v1.6 Hooks for auxiliary files (HO)
)
(C:\Users\53567\AppData\Local\Programs\MiKTeX\tex/latex/hyperref\nameref.sty
Package: nameref 2022-05-17 v2.50 Cross-referencing by name of section

(C:\Users\53567\AppData\Local\Programs\MiKTeX\tex/latex/refcount\refcount.sty
Package: refcount 2019/12/15 v3.6 Data extraction from label references (HO)
)
(C:\Users\53567\AppData\Local\Programs\MiKTeX\tex/generic/gettitlestring\gettit
lestring.sty
Package: gettitlestring 2019/12/15 v1.6 Cleanup title references (HO)

(C:\Users\53567\AppData\Local\Programs\MiKTeX\tex/latex/kvoptions\kvoptions.sty
Package: kvoptions 2022-06-15 v3.15 Key value format for package options (HO)
))
\c@section@level=\count271
)
\@linkdim=\dimen152
\Hy@linkcounter=\count272
\Hy@pagecounter=\count273
 (C:\Users\53567\AppData\Local\Programs\MiKTeX\tex/latex/hyperref\pd1enc.def
File: pd1enc.def 2023-02-07 v7.00v Hyperref: PDFDocEncoding definition (HO)
Now handling font encoding PD1 ...
... no UTF-8 mapping file for font encoding PD1
) (C:\Users\53567\AppData\Local\Programs\MiKTeX\tex/generic/intcalc\intcalc.sty
Package: intcalc 2019/12/15 v1.3 Expandable calculations with integers (HO)
)
(C:\Users\53567\AppData\Local\Programs\MiKTeX\tex/generic/etexcmds\etexcmds.sty
Package: etexcmds 2019/12/15 v1.7 Avoid name clashes with e-TeX commands (HO)
)
\Hy@SavedSpaceFactor=\count274
 (C:\Users\53567\AppData\Local\Programs\MiKTeX\tex/latex/hyperref\puenc.def
File: puenc.def 2023-02-07 v7.00v Hyperref: PDF Unicode definition (HO)
Now handling font encoding PU ...
... no UTF-8 mapping file for font encoding PU
)
Package hyperref Info: Hyper figures OFF on input line 4177.
Package hyperref Info: Link nesting OFF on input line 4182.
Package hyperref Info: Hyper index ON on input line 4185.
Package hyperref Info: Plain pages OFF on input line 4192.
Package hyperref Info: Backreferencing OFF on input line 4197.
Package hyperref Info: Implicit mode ON; LaTeX internals redefined.
Package hyperref Info: Bookmarks ON on input line 4425.
\c@Hy@tempcnt=\count275

(C:\Users\53567\AppData\Local\Programs\MiKTeX\tex/latex/url\url.sty
\Urlmuskip=\muskip17
Package: url 2013/09/16  ver 3.4  Verb mode for urls, etc.
)
LaTeX Info: Redefining \url on input line 4763.
\XeTeXLinkMargin=\dimen153

(C:\Users\53567\AppData\Local\Programs\MiKTeX\tex/generic/bitset\bitset.sty
Package: bitset 2019/12/09 v1.3 Handle bit-vector datatype (HO)

(C:\Users\53567\AppData\Local\Programs\MiKTeX\tex/generic/bigintcalc\bigintcalc
.sty
Package: bigintcalc 2019/12/15 v1.5 Expandable calculations on big integers (HO
)
))
\Fld@menulength=\count276
\Field@Width=\dimen154
\Fld@charsize=\dimen155
Package hyperref Info: Hyper figures OFF on input line 6042.
Package hyperref Info: Link nesting OFF on input line 6047.
Package hyperref Info: Hyper index ON on input line 6050.
Package hyperref Info: backreferencing OFF on input line 6057.
Package hyperref Info: Link coloring OFF on input line 6062.
Package hyperref Info: Link coloring with OCG OFF on input line 6067.
Package hyperref Info: PDF/A mode OFF on input line 6072.

(C:\Users\53567\AppData\Local\Programs\MiKTeX\tex/latex/base\atbegshi-ltx.sty
Package: atbegshi-ltx 2021/01/10 v1.0c Emulation of the original atbegshi
package with kernel methods
)
\Hy@abspage=\count277
\c@Item=\count278
\c@Hfootnote=\count279
)
Package hyperref Info: Driver (autodetected): hpdftex.
(C:\Users\53567\AppData\Local\Programs\MiKTeX\tex/latex/hyperref\hpdftex.def
File: hpdftex.def 2023-02-07 v7.00v Hyperref driver for pdfTeX

(C:\Users\53567\AppData\Local\Programs\MiKTeX\tex/latex/base\atveryend-ltx.sty
Package: atveryend-ltx 2020/08/19 v1.0a Emulation of the original atveryend pac
kage
with kernel methods
)
\Fld@listcount=\count280
\c@bookmark@seq@number=\count281

(C:\Users\53567\AppData\Local\Programs\MiKTeX\tex/latex/rerunfilecheck\rerunfil
echeck.sty
Package: rerunfilecheck 2022-07-10 v1.10 Rerun checks for auxiliary files (HO)

(C:\Users\53567\AppData\Local\Programs\MiKTeX\tex/generic/uniquecounter\uniquec
ounter.sty
Package: uniquecounter 2019/12/15 v1.4 Provide unlimited unique counter (HO)
)
Package uniquecounter Info: New unique counter `rerunfilecheck' on input line 2
85.
)
\Hy@SectionHShift=\skip53
)
(C:\Users\53567\AppData\Local\Programs\MiKTeX\tex/latex/booktabs\booktabs.sty
Package: booktabs 2020/01/12 v1.61803398 Publication quality tables
\heavyrulewidth=\dimen156
\lightrulewidth=\dimen157
\cmidrulewidth=\dimen158
\belowrulesep=\dimen159
\belowbottomsep=\dimen160
\aboverulesep=\dimen161
\abovetopsep=\dimen162
\cmidrulesep=\dimen163
\cmidrulekern=\dimen164
\defaultaddspace=\dimen165
\@cmidla=\count282
\@cmidlb=\count283
\@aboverulesep=\dimen166
\@belowrulesep=\dimen167
\@thisruleclass=\count284
\@lastruleclass=\count285
\@thisrulewidth=\dimen168
)
(C:\Users\53567\AppData\Local\Programs\MiKTeX\tex/latex/float\float.sty
Package: float 2001/11/08 v1.3d Float enhancements (AL)
\c@float@type=\count286
\float@exts=\toks24
\float@box=\box53
\@float@everytoks=\toks25
\@floatcapt=\box54
)
(C:\Users\53567\AppData\Local\Programs\MiKTeX\tex/latex/l3backend\l3backend-pdf
tex.def
File: l3backend-pdftex.def 2023-03-30 L3 backend support: PDF output (pdfTeX)
\l__color_backend_stack_int=\count287
\l__pdf_internal_box=\box55
) (informe (2).aux

LaTeX Warning: Label `fig:peliculas_duracion' multiply defined.


LaTeX Warning: Label `fig:peliculas_paises' multiply defined.


LaTeX Warning: Label `fig:PC_series' multiply defined.

)
\openout1 = `"informe (2).aux"'.

LaTeX Font Info:    Checking defaults for OML/cmm/m/it on input line 13.
LaTeX Font Info:    ... okay on input line 13.
LaTeX Font Info:    Checking defaults for OMS/cmsy/m/n on input line 13.
LaTeX Font Info:    ... okay on input line 13.
LaTeX Font Info:    Checking defaults for OT1/cmr/m/n on input line 13.
LaTeX Font Info:    ... okay on input line 13.
LaTeX Font Info:    Checking defaults for T1/cmr/m/n on input line 13.
LaTeX Font Info:    ... okay on input line 13.
LaTeX Font Info:    Checking defaults for TS1/cmr/m/n on input line 13.
LaTeX Font Info:    ... okay on input line 13.
LaTeX Font Info:    Checking defaults for OMX/cmex/m/n on input line 13.
LaTeX Font Info:    ... okay on input line 13.
LaTeX Font Info:    Checking defaults for U/cmr/m/n on input line 13.
LaTeX Font Info:    ... okay on input line 13.
LaTeX Font Info:    Checking defaults for PD1/pdf/m/n on input line 13.
LaTeX Font Info:    ... okay on input line 13.
LaTeX Font Info:    Checking defaults for PU/pdf/m/n on input line 13.
LaTeX Font Info:    ... okay on input line 13.

(C:\Users\53567\AppData\Local\Programs\MiKTeX\tex/context/base/mkii\supp-pdf.mk
ii
[Loading MPS to PDF converter (version 2006.09.02).]
\scratchcounter=\count288
\scratchdimen=\dimen169
\scratchbox=\box56
\nofMPsegments=\count289
\nofMParguments=\count290
\everyMPshowfont=\toks26
\MPscratchCnt=\count291
\MPscratchDim=\dimen170
\MPnumerator=\count292
\makeMPintoPDFobject=\count293
\everyMPtoPDFconversion=\toks27
)
(C:\Users\53567\AppData\Local\Programs\MiKTeX\tex/latex/epstopdf-pkg\epstopdf-b
ase.sty
Package: epstopdf-base 2020-01-24 v2.11 Base part for package epstopdf
Package epstopdf-base Info: Redefining graphics rule for `.eps' on input line 4
85.

(C:\Users\53567\AppData\Local\Programs\MiKTeX\tex/latex/00miktex\epstopdf-sys.c
fg
File: epstopdf-sys.cfg 2021/03/18 v2.0 Configuration of epstopdf for MiKTeX
))
Package hyperref Info: Link coloring OFF on input line 13.
 (informe (2).out) (informe (2).out)
\@outlinefile=\write3
\openout3 = `"informe (2).out"'.

 (informe (2).toc
Overfull \hbox (22.08403pt too wide) in paragraph at lines 7--7
 [][] [][]\OT1/cmr/m/n/10 Estad^^S^^Psticas de-scrip-ti-vas (me-dia, me-di-ana,
 desviaci^^Son est^^Sandar, 
 []


Overfull \hbox (15.88948pt too wide) in paragraph at lines 9--9
 [][] [][]\OT1/cmr/m/n/10 An^^Salisis de vari-ables categ^^Soricas (tablas de f
re-cuen-cia, gr^^Saficos 
 []

[1

{C:/Users/53567/AppData/Local/MiKTeX/fonts/map/pdftex/pdftex.map}])
\tf@toc=\write4
\openout4 = `"informe (2).toc"'.

 [2]
Overfull \hbox (2.0118pt too wide) in paragraph at lines 43--43
[]\OT1/cmr/bx/n/10 Estad^^S^^Psticas de-scrip-ti-vas (me-dia, me-di-ana, desvia
ci^^Son est^^Sandar,
 []

[3
pdfTeX warning (ext4): destination with the same identifier (name{table.1}) has
 been already used, duplicate ignored
<argument> ...shipout:D \box_use:N \l_shipout_box 
                                                  \__shipout_drop_firstpage_...
l.85 
     ]
<Graphs/directores_peliculas.png, id=207, 713.3049pt x 396.0396pt>
File: Graphs/directores_peliculas.png Graphic file (type png)
<use Graphs/directores_peliculas.png>
Package pdftex.def Info: Graphs/directores_peliculas.png  used on input line 12
7.
(pdftex.def)             Requested size: 345.0pt x 191.55322pt.
 [4
pdfTeX warning (ext4): destination with the same identifier (name{table.2}) has
 been already used, duplicate ignored
<argument> ...shipout:D \box_use:N \l_shipout_box 
                                                  \__shipout_drop_firstpage_...
l.131 
      
pdfTeX warning (ext4): destination with the same identifier (name{table.3}) has
 been already used, duplicate ignored
<argument> ...shipout:D \box_use:N \l_shipout_box 
                                                  \__shipout_drop_firstpage_...
l.131 
      
pdfTeX warning (ext4): destination with the same identifier (name{table.4}) has
 been already used, duplicate ignored
<argument> ...shipout:D \box_use:N \l_shipout_box 
                                                  \__shipout_drop_firstpage_...
l.131 
      ]
<Graphs/directores_series.png, id=216, 683.6742pt x 396.0396pt>
File: Graphs/directores_series.png Graphic file (type png)
<use Graphs/directores_series.png>
Package pdftex.def Info: Graphs/directores_series.png  used on input line 134.
(pdftex.def)             Requested size: 345.0pt x 199.8564pt.
<Graphs/categorias_peliculas.png, id=217, 721.9773pt x 396.0396pt>
File: Graphs/categorias_peliculas.png Graphic file (type png)
<use Graphs/categorias_peliculas.png>
Package pdftex.def Info: Graphs/categorias_peliculas.png  used on input line 14
1.
(pdftex.def)             Requested size: 345.0pt x 189.25081pt.
 [5
pdfTeX warning (ext4): destination with the same identifier (name{figure.1}) ha
s been already used, duplicate ignored
<argument> ...shipout:D \box_use:N \l_shipout_box 
                                                  \__shipout_drop_firstpage_...
l.145 
      
pdfTeX warning (ext4): destination with the same identifier (name{figure.2}) ha
s been already used, duplicate ignored
<argument> ...shipout:D \box_use:N \l_shipout_box 
                                                  \__shipout_drop_firstpage_...
l.145 
       <./Graphs/directores_peliculas.png> <./Graphs/directores_series.png>]
<Graphs/categorias_series.png, id=226, 716.9184pt x 396.0396pt>
File: Graphs/categorias_series.png Graphic file (type png)
<use Graphs/categorias_series.png>
Package pdftex.def Info: Graphs/categorias_series.png  used on input line 148.
(pdftex.def)             Requested size: 345.0pt x 190.58632pt.
<Graphs/evolucion_contenido.png, id=227, 732.8178pt x 410.4936pt>
File: Graphs/evolucion_contenido.png Graphic file (type png)
<use Graphs/evolucion_contenido.png>
Package pdftex.def Info: Graphs/evolucion_contenido.png  used on input line 155
.
(pdftex.def)             Requested size: 345.0pt x 193.25146pt.

[6
pdfTeX warning (ext4): destination with the same identifier (name{figure.3}) ha
s been already used, duplicate ignored
<argument> ...shipout:D \box_use:N \l_shipout_box 
                                                  \__shipout_drop_firstpage_...
l.159 
      
pdfTeX warning (ext4): destination with the same identifier (name{figure.4}) ha
s been already used, duplicate ignored
<argument> ...shipout:D \box_use:N \l_shipout_box 
                                                  \__shipout_drop_firstpage_...
l.159 
       <./Graphs/categorias_peliculas.png> <./Graphs/categorias_series.png>]
<Graphs/paises_peliculas.png, id=236, 675.7245pt x 396.0396pt>
File: Graphs/paises_peliculas.png Graphic file (type png)
<use Graphs/paises_peliculas.png>
Package pdftex.def Info: Graphs/paises_peliculas.png  used on input line 162.
(pdftex.def)             Requested size: 345.0pt x 202.20111pt.
<Graphs/paises_series.png, id=237, 675.7245pt x 396.0396pt>
File: Graphs/paises_series.png Graphic file (type png)
<use Graphs/paises_series.png>
Package pdftex.def Info: Graphs/paises_series.png  used on input line 169.
(pdftex.def)             Requested size: 345.0pt x 202.20111pt.

[7
pdfTeX warning (ext4): destination with the same identifier (name{figure.5}) ha
s been already used, duplicate ignored
<argument> ...shipout:D \box_use:N \l_shipout_box 
                                                  \__shipout_drop_firstpage_...
l.173 
      
pdfTeX warning (ext4): destination with the same identifier (name{figure.6}) ha
s been already used, duplicate ignored
<argument> ...shipout:D \box_use:N \l_shipout_box 
                                                  \__shipout_drop_firstpage_...
l.173 
       <./Graphs/evolucion_contenido.png> <./Graphs/paises_peliculas.png>]
<Graphs/conteo_rating_peliculas.png, id=247, 732.8178pt x 429.2838pt>
File: Graphs/conteo_rating_peliculas.png Graphic file (type png)
<use Graphs/conteo_rating_peliculas.png>
Package pdftex.def Info: Graphs/conteo_rating_peliculas.png  used on input line
 176.
(pdftex.def)             Requested size: 345.0pt x 202.09747pt.
<Graphs/conteo_rating_series.png, id=248, 732.8178pt x 428.5611pt>
File: Graphs/conteo_rating_series.png Graphic file (type png)
<use Graphs/conteo_rating_series.png>
Package pdftex.def Info: Graphs/conteo_rating_series.png  used on input line 18
3.
(pdftex.def)             Requested size: 345.0pt x 201.75725pt.

[8
pdfTeX warning (ext4): destination with the same identifier (name{figure.7}) ha
s been already used, duplicate ignored
<argument> ...shipout:D \box_use:N \l_shipout_box 
                                                  \__shipout_drop_firstpage_...
l.187 
      
pdfTeX warning (ext4): destination with the same identifier (name{figure.8}) ha
s been already used, duplicate ignored
<argument> ...shipout:D \box_use:N \l_shipout_box 
                                                  \__shipout_drop_firstpage_...
l.187 
       <./Graphs/paises_series.png> <./Graphs/conteo_rating_peliculas.png>]
<Graphs/dist_rating_year_peliculas.png, id=257, 850.6179pt x 417.7206pt>
File: Graphs/dist_rating_year_peliculas.png Graphic file (type png)
<use Graphs/dist_rating_year_peliculas.png>
Package pdftex.def Info: Graphs/dist_rating_year_peliculas.png  used on input l
ine 190.
(pdftex.def)             Requested size: 345.0pt x 169.42448pt.
<Graphs/dist_rating_year_series.png, id=258, 832.5504pt x 417.7206pt>
File: Graphs/dist_rating_year_series.png Graphic file (type png)
<use Graphs/dist_rating_year_series.png>
Package pdftex.def Info: Graphs/dist_rating_year_series.png  used on input line
 197.
(pdftex.def)             Requested size: 345.0pt x 173.10223pt.

[9
pdfTeX warning (ext4): destination with the same identifier (name{figure.9}) ha
s been already used, duplicate ignored
<argument> ...shipout:D \box_use:N \l_shipout_box 
                                                  \__shipout_drop_firstpage_...
l.201 
      
pdfTeX warning (ext4): destination with the same identifier (name{figure.10}) h
as been already used, duplicate ignored
<argument> ...shipout:D \box_use:N \l_shipout_box 
                                                  \__shipout_drop_firstpage_...
l.201 
       <./Graphs/conteo_rating_series.png> <./Graphs/dist_rating_year_peliculas
.png>]
<Graphs/actores_comunes_peliculas.png, id=267, 719.8092pt x 459.6372pt>
File: Graphs/actores_comunes_peliculas.png Graphic file (type png)
<use Graphs/actores_comunes_peliculas.png>
Package pdftex.def Info: Graphs/actores_comunes_peliculas.png  used on input li
ne 204.
(pdftex.def)             Requested size: 345.0pt x 220.30774pt.
<Graphs/actores_comunes_series.png, id=268, 719.8092pt x 466.8642pt>
File: Graphs/actores_comunes_series.png Graphic file (type png)
<use Graphs/actores_comunes_series.png>
Package pdftex.def Info: Graphs/actores_comunes_series.png  used on input line 
211.
(pdftex.def)             Requested size: 345.0pt x 223.7717pt.
 [10
pdfTeX warning (ext4): destination with the same identifier (name{figure.11}) h
as been already used, duplicate ignored
<argument> ...shipout:D \box_use:N \l_shipout_box 
                                                  \__shipout_drop_firstpage_...
l.215 
      
pdfTeX warning (ext4): destination with the same identifier (name{figure.12}) h
as been already used, duplicate ignored
<argument> ...shipout:D \box_use:N \l_shipout_box 
                                                  \__shipout_drop_firstpage_...
l.215 
       <./Graphs/dist_rating_year_series.png> <./Graphs/actores_comunes_pelicul
as.png>]
<Graphs/rapidez_adicion.png, id=277, 719.8092pt x 395.3169pt>
File: Graphs/rapidez_adicion.png Graphic file (type png)
<use Graphs/rapidez_adicion.png>
Package pdftex.def Info: Graphs/rapidez_adicion.png  used on input line 218.
(pdftex.def)             Requested size: 345.0pt x 189.4785pt.
 [11
pdfTeX warning (ext4): destination with the same identifier (name{figure.13}) h
as been already used, duplicate ignored
<argument> ...shipout:D \box_use:N \l_shipout_box 
                                                  \__shipout_drop_firstpage_...
l.228     \item O
                 bservaciones preliminares sobre tendencias o correlaciones.
pdfTeX warning (ext4): destination with the same identifier (name{figure.14}) h
as been already used, duplicate ignored
<argument> ...shipout:D \box_use:N \l_shipout_box 
                                                  \__shipout_drop_firstpage_...
l.228     \item O
                 bservaciones preliminares sobre tendencias o correlaciones. <.
/Graphs/actores_comunes_series.png> <./Graphs/rapidez_adicion.png>]
<Graphs/PC_peliculas.png, id=286, 623.6901pt x 396.0396pt>
File: Graphs/PC_peliculas.png Graphic file (type png)
<use Graphs/PC_peliculas.png>
Package pdftex.def Info: Graphs/PC_peliculas.png  used on input line 238.
(pdftex.def)             Requested size: 345.0pt x 219.07336pt.
<Graphs/PC_series.png, id=287, 617.9085pt x 395.3169pt>
File: Graphs/PC_series.png Graphic file (type png)
<use Graphs/PC_series.png>
Package pdftex.def Info: Graphs/PC_series.png  used on input line 245.
(pdftex.def)             Requested size: 345.0pt x 220.71844pt.
 [12
pdfTeX warning (ext4): destination with the same identifier (name{figure.15}) h
as been already used, duplicate ignored
<argument> ...shipout:D \box_use:N \l_shipout_box 
                                                  \__shipout_drop_firstpage_...
l.249 
       <./Graphs/PC_peliculas.png>]
<Graphs/scatterplot.png, id=295, 619.3539pt x 395.3169pt>
File: Graphs/scatterplot.png Graphic file (type png)
<use Graphs/scatterplot.png>
Package pdftex.def Info: Graphs/scatterplot.png  used on input line 252.
(pdftex.def)             Requested size: 345.0pt x 220.20572pt.
 [13
pdfTeX warning (ext4): destination with the same identifier (name{figure.16}) h
as been already used, duplicate ignored
<argument> ...shipout:D \box_use:N \l_shipout_box 
                                                  \__shipout_drop_firstpage_...
l.258 
      
pdfTeX warning (ext4): destination with the same identifier (name{figure.17}) h
as been already used, duplicate ignored
<argument> ...shipout:D \box_use:N \l_shipout_box 
                                                  \__shipout_drop_firstpage_...
l.258 
       <./Graphs/PC_series.png> <./Graphs/scatterplot.png>]
<Graphs/dist_duracion_peliculas.png, id=305, 742.2129pt x 395.3169pt>
File: Graphs/dist_duracion_peliculas.png Graphic file (type png)
<use Graphs/dist_duracion_peliculas.png>
Package pdftex.def Info: Graphs/dist_duracion_peliculas.png  used on input line
 264.
(pdftex.def)             Requested size: 345.0pt x 183.75409pt.
<Graphs/dist_duracion_series.png, id=306, 723.4227pt x 396.0396pt>
File: Graphs/dist_duracion_series.png Graphic file (type png)
<use Graphs/dist_duracion_series.png>
Package pdftex.def Info: Graphs/dist_duracion_series.png  used on input line 27
1.
(pdftex.def)             Requested size: 345.0pt x 188.8701pt.
 [14
pdfTeX warning (ext4): destination with the same identifier (name{figure.18}) h
as been already used, duplicate ignored
<argument> ...shipout:D \box_use:N \l_shipout_box 
                                                  \__shipout_drop_firstpage_...
l.275 
       <./Graphs/dist_duracion_peliculas.png>]
Underfull \hbox (badness 10000) in paragraph at lines 289--293

 []


Underfull \hbox (badness 10000) in paragraph at lines 300--304

 []

[15
pdfTeX warning (ext4): destination with the same identifier (name{figure.19}) h
as been already used, duplicate ignored
<argument> ...shipout:D \box_use:N \l_shipout_box 
                                                  \__shipout_drop_firstpage_...
l.304 
       <./Graphs/dist_duracion_series.png>]
Overfull \hbox (13.25063pt too wide) in paragraph at lines 307--308
\OT1/cmr/m/n/10 Unidos (seguido de In-dia).Esto sug-iere difer-en-cias en las i
n-dus-trias cin-e-matogr^^Saficas
 []


Overfull \hbox (4.00058pt too wide) in paragraph at lines 307--308
\OT1/cmr/m/n/10 de am-bos pa^^S^^Pses, posi-ble-mente en t^^Serminos de di-ver-
si-dad y fre-cuen-cia de aparici^^Son
 []


Underfull \hbox (badness 10000) in paragraph at lines 313--317

 []

[16]
<Graphs/matriz_correlacion_peliculas.png, id=323, 578.16pt x 433.62pt>
File: Graphs/matriz_correlacion_peliculas.png Graphic file (type png)
<use Graphs/matriz_correlacion_peliculas.png>
Package pdftex.def Info: Graphs/matriz_correlacion_peliculas.png  used on input
 line 346.
(pdftex.def)             Requested size: 345.0pt x 258.74484pt.
<Graphs/matriz_correlacion_series.png, id=324, 578.16pt x 433.62pt>
File: Graphs/matriz_correlacion_series.png Graphic file (type png)
<use Graphs/matriz_correlacion_series.png>
Package pdftex.def Info: Graphs/matriz_correlacion_series.png  used on input li
ne 354.
(pdftex.def)             Requested size: 345.0pt x 258.74484pt.
 [17
pdfTeX warning (ext4): destination with the same identifier (name{figure.20}) h
as been already used, duplicate ignored
<argument> ...shipout:D \box_use:N \l_shipout_box 
                                                  \__shipout_drop_firstpage_...
l.358 
       <./Graphs/matriz_correlacion_peliculas.png>] [18
pdfTeX warning (ext4): destination with the same identifier (name{figure.21}) h
as been already used, duplicate ignored
<argument> ...shipout:D \box_use:N \l_shipout_box 
                                                  \__shipout_drop_firstpage_...
l.379 \end{itemize}
                    <./Graphs/matriz_correlacion_series.png>] [19] [20]
(informe (2).aux)

LaTeX Warning: There were multiply-defined labels.


Package rerunfilecheck Warning: File `"informe (2)".out' has changed.
(rerunfilecheck)                Rerun to get outlines right
(rerunfilecheck)                or use package `bookmark'.

Package rerunfilecheck Info: Checksums for `"informe (2)".out':
(rerunfilecheck)             Before: FA5058278C548FCB76CE64DDA8306C1A;6628
(rerunfilecheck)             After:  888AF563F8473BA8B3B690D34663D13B;6628.
 ) 
Here is how much of TeX's memory you used:
 9309 strings out of 476331
 151108 string characters out of 5787765
 1866660 words of memory out of 5000000
 29536 multiletter control sequences out of 15000+600000
 518351 words of font info for 53 fonts, out of 8000000 for 9000
 1141 hyphenation exceptions out of 8191
 75i,9n,76p,758b,504s stack positions out of 10000i,1000n,20000p,200000b,200000s
 <C:\Users\53567\AppData\Local\MiKTeX\fonts/pk/ljfour/jknappen/ec/dpi600\tcrm
1000.pk><C:/Users/53567/AppData/Local/Programs/MiKTeX/fonts/type1/public/amsfon
ts/cm/cmbx10.pfb><C:/Users/53567/AppData/Local/Programs/MiKTeX/fonts/type1/publ
ic/amsfonts/cm/cmbx12.pfb><C:/Users/53567/AppData/Local/Programs/MiKTeX/fonts/t
ype1/public/amsfonts/cm/cmr10.pfb><C:/Users/53567/AppData/Local/Programs/MiKTeX
/fonts/type1/public/amsfonts/cm/cmr12.pfb><C:/Users/53567/AppData/Local/Program
s/MiKTeX/fonts/type1/public/amsfonts/cm/cmr17.pfb><C:/Users/53567/AppData/Local
/Programs/MiKTeX/fonts/type1/public/amsfonts/cm/cmr7.pfb><C:/Users/53567/AppDat
a/Local/Programs/MiKTeX/fonts/type1/public/amsfonts/cm/cmti10.pfb>
Output written on "informe (2).pdf" (20 pages, 1091026 bytes).
PDF statistics:
 402 PDF objects out of 1000 (max. 8388607)
 84 named destinations out of 1000 (max. 500000)
 394 words of extra memory for PDF output out of 10000 (max. 10000000)

